
> sales-analytics@1.0.0 dev
> next dev -H localhost -p 3000

⚠ Warning: Next.js inferred your workspace root, but it may not be correct.
 We detected multiple lockfiles and selected the directory of /app/package-lock.json as the root directory.
 To silence this warning, set `turbopack.root` in your Next.js config, or consider removing one of the lockfiles if it's not needed.
   See https://nextjs.org/docs/app/api-reference/config/next-config-js/turbopack#root-directory for more information.
 Detected additional lockfiles: 
   * /app/frontend/pnpm-lock.yaml

▲ Next.js 16.1.5 (Turbopack)
- Local:         http://localhost:3000
- Network:       http://localhost:3000
- Environments: .env.development

✓ Starting...
✓ Ready in 742ms
○ Compiling /files ...

warn - The class `ease-[cubic-bezier(0.2,0.8,0.2,1)]` is ambiguous and matches multiple utilities.
warn - If this is content and not a class, replace it with `ease-&lsqb;cubic-bezier(0.2,0.8,0.2,1)&rsqb;` to silence this warning.
 GET /files 200 in 5.5s (compile: 5.1s, render: 421ms)
(node:4035) [DEP0060] DeprecationWarning: The `util._extend` API is deprecated. Please use Object.assign() instead.
(Use `node --trace-deprecation ...` to show where the warning was created)
